/home/waqas/Softwares/jdk-21_linux-x64_bin/jdk-21/bin/java -javaagent:/snap/intellij-idea-ultimate/634/lib/idea_rt.jar=37993 -Dfile.encoding=UTF-8 -Dsun.stdout.encoding=UTF-8 -Dsun.stderr.encoding=UTF-8 -classpath /home/waqas/Projects/Analytics/realtimepipelines/target/classes:/home/waqas/.m2/repository/org/apache/spark/spark-core_2.13/4.0.0/spark-core_2.13-4.0.0.jar:/home/waqas/.m2/repository/org/scala-lang/modules/scala-parallel-collections_2.13/1.2.0/scala-parallel-collections_2.13-1.2.0.jar:/home/waqas/.m2/repository/org/apache/avro/avro/1.12.0/avro-1.12.0.jar:/home/waqas/.m2/repository/org/apache/avro/avro-mapred/1.12.0/avro-mapred-1.12.0.jar:/home/waqas/.m2/repository/com/twitter/chill_2.13/0.10.0/chill_2.13-0.10.0.jar:/home/waqas/.m2/repository/com/twitter/chill-java/0.10.0/chill-java-0.10.0.jar:/home/waqas/.m2/repository/com/esotericsoftware/kryo-shaded/4.0.3/kryo-shaded-4.0.3.jar:/home/waqas/.m2/repository/org/objenesis/objenesis/3.3/objenesis-3.3.jar:/home/waqas/.m2/repository/org/apache/hadoop/hadoop-client-api/3.4.1/hadoop-client-api-3.4.1.jar:/home/waqas/.m2/repository/org/apache/hadoop/hadoop-client-runtime/3.4.1/hadoop-client-runtime-3.4.1.jar:/home/waqas/.m2/repository/org/apache/spark/spark-launcher_2.13/4.0.0/spark-launcher_2.13-4.0.0.jar:/home/waqas/.m2/repository/org/apache/spark/spark-kvstore_2.13/4.0.0/spark-kvstore_2.13-4.0.0.jar:/home/waqas/.m2/repository/org/apache/spark/spark-network-common_2.13/4.0.0/spark-network-common_2.13-4.0.0.jar:/home/waqas/.m2/repository/org/apache/spark/spark-network-shuffle_2.13/4.0.0/spark-network-shuffle_2.13-4.0.0.jar:/home/waqas/.m2/repository/org/apache/spark/spark-unsafe_2.13/4.0.0/spark-unsafe_2.13-4.0.0.jar:/home/waqas/.m2/repository/org/apache/spark/spark-common-utils_2.13/4.0.0/spark-common-utils_2.13-4.0.0.jar:/home/waqas/.m2/repository/org/apache/curator/curator-recipes/5.7.1/curator-recipes-5.7.1.jar:/home/waqas/.m2/repository/org/apache/zookeeper/zookeeper/3.9.3/zookeeper-3.9.3.jar:/home/waqas/.m2/repository/io/jsonwebtoken/jjwt-api/0.12.6/jjwt-api-0.12.6.jar:/home/waqas/.m2/repository/io/jsonwebtoken/jjwt-impl/0.12.6/jjwt-impl-0.12.6.jar:/home/waqas/.m2/repository/io/jsonwebtoken/jjwt-jackson/0.12.6/jjwt-jackson-0.12.6.jar:/home/waqas/.m2/repository/javax/servlet/javax.servlet-api/4.0.1/javax.servlet-api-4.0.1.jar:/home/waqas/.m2/repository/jakarta/servlet/jakarta.servlet-api/5.0.0/jakarta.servlet-api-5.0.0.jar:/home/waqas/.m2/repository/commons-codec/commons-codec/1.17.2/commons-codec-1.17.2.jar:/home/waqas/.m2/repository/org/apache/commons/commons-compress/1.27.1/commons-compress-1.27.1.jar:/home/waqas/.m2/repository/org/apache/commons/commons-lang3/3.17.0/commons-lang3-3.17.0.jar:/home/waqas/.m2/repository/org/apache/commons/commons-math3/3.6.1/commons-math3-3.6.1.jar:/home/waqas/.m2/repository/org/apache/commons/commons-text/1.13.0/commons-text-1.13.0.jar:/home/waqas/.m2/repository/commons-io/commons-io/2.18.0/commons-io-2.18.0.jar:/home/waqas/.m2/repository/commons-collections/commons-collections/3.2.2/commons-collections-3.2.2.jar:/home/waqas/.m2/repository/org/apache/commons/commons-collections4/4.4/commons-collections4-4.4.jar:/home/waqas/.m2/repository/com/google/code/findbugs/jsr305/3.0.0/jsr305-3.0.0.jar:/home/waqas/.m2/repository/com/ning/compress-lzf/1.1.2/compress-lzf-1.1.2.jar:/home/waqas/.m2/repository/org/xerial/snappy/snappy-java/1.1.10.7/snappy-java-1.1.10.7.jar:/home/waqas/.m2/repository/org/lz4/lz4-java/1.8.0/lz4-java-1.8.0.jar:/home/waqas/.m2/repository/com/github/luben/zstd-jni/1.5.6-9/zstd-jni-1.5.6-9.jar:/home/waqas/.m2/repository/org/roaringbitmap/RoaringBitmap/1.3.0/RoaringBitmap-1.3.0.jar:/home/waqas/.m2/repository/org/scala-lang/modules/scala-xml_2.13/2.3.0/scala-xml_2.13-2.3.0.jar:/home/waqas/.m2/repository/org/scala-lang/scala-library/2.13.16/scala-library-2.13.16.jar:/home/waqas/.m2/repository/org/scala-lang/scala-reflect/2.13.16/scala-reflect-2.13.16.jar:/home/waqas/.m2/repository/org/json4s/json4s-jackson_2.13/4.0.7/json4s-jackson_2.13-4.0.7.jar:/home/waqas/.m2/repository/org/glassfish/jersey/core/jersey-client/3.0.16/jersey-client-3.0.16.jar:/home/waqas/.m2/repository/org/glassfish/jersey/core/jersey-common/3.0.16/jersey-common-3.0.16.jar:/home/waqas/.m2/repository/org/glassfish/jersey/core/jersey-server/3.0.16/jersey-server-3.0.16.jar:/home/waqas/.m2/repository/org/glassfish/jersey/containers/jersey-container-servlet/3.0.16/jersey-container-servlet-3.0.16.jar:/home/waqas/.m2/repository/org/glassfish/jersey/containers/jersey-container-servlet-core/3.0.16/jersey-container-servlet-core-3.0.16.jar:/home/waqas/.m2/repository/org/glassfish/jersey/inject/jersey-hk2/3.0.16/jersey-hk2-3.0.16.jar:/home/waqas/.m2/repository/io/netty/netty-all/4.1.118.Final/netty-all-4.1.118.Final.jar:/home/waqas/.m2/repository/io/netty/netty-transport-native-epoll/4.1.118.Final/netty-transport-native-epoll-4.1.118.Final-linux-x86_64.jar:/home/waqas/.m2/repository/io/netty/netty-transport-native-epoll/4.1.118.Final/netty-transport-native-epoll-4.1.118.Final-linux-aarch_64.jar:/home/waqas/.m2/repository/io/netty/netty-transport-native-kqueue/4.1.118.Final/netty-transport-native-kqueue-4.1.118.Final-osx-aarch_64.jar:/home/waqas/.m2/repository/io/netty/netty-transport-native-kqueue/4.1.118.Final/netty-transport-native-kqueue-4.1.118.Final-osx-x86_64.jar:/home/waqas/.m2/repository/com/clearspring/analytics/stream/2.9.8/stream-2.9.8.jar:/home/waqas/.m2/repository/io/dropwizard/metrics/metrics-core/4.2.30/metrics-core-4.2.30.jar:/home/waqas/.m2/repository/io/dropwizard/metrics/metrics-jvm/4.2.30/metrics-jvm-4.2.30.jar:/home/waqas/.m2/repository/io/dropwizard/metrics/metrics-json/4.2.30/metrics-json-4.2.30.jar:/home/waqas/.m2/repository/io/dropwizard/metrics/metrics-graphite/4.2.30/metrics-graphite-4.2.30.jar:/home/waqas/.m2/repository/io/dropwizard/metrics/metrics-jmx/4.2.30/metrics-jmx-4.2.30.jar:/home/waqas/.m2/repository/com/fasterxml/jackson/core/jackson-databind/2.18.2/jackson-databind-2.18.2.jar:/home/waqas/.m2/repository/com/fasterxml/jackson/module/jackson-module-scala_2.13/2.18.2/jackson-module-scala_2.13-2.18.2.jar:/home/waqas/.m2/repository/net/razorvine/pickle/1.5/pickle-1.5.jar:/home/waqas/.m2/repository/net/sf/py4j/py4j/0.10.9.9/py4j-0.10.9.9.jar:/home/waqas/.m2/repository/org/apache/spark/spark-tags_2.13/4.0.0/spark-tags_2.13-4.0.0.jar:/home/waqas/.m2/repository/org/apache/commons/commons-crypto/1.1.0/commons-crypto-1.1.0.jar:/home/waqas/.m2/repository/org/apache/spark/spark-sql_2.13/4.0.0/spark-sql_2.13-4.0.0.jar:/home/waqas/.m2/repository/org/rocksdb/rocksdbjni/9.8.4/rocksdbjni-9.8.4.jar:/home/waqas/.m2/repository/com/univocity/univocity-parsers/2.9.1/univocity-parsers-2.9.1.jar:/home/waqas/.m2/repository/org/apache/spark/spark-sketch_2.13/4.0.0/spark-sketch_2.13-4.0.0.jar:/home/waqas/.m2/repository/org/apache/avro/avro-ipc/1.12.0/avro-ipc-1.12.0.jar:/home/waqas/.m2/repository/org/tukaani/xz/1.10/xz-1.10.jar:/home/waqas/.m2/repository/com/esotericsoftware/minlog/1.3.0/minlog-1.3.0.jar:/home/waqas/.m2/repository/org/fusesource/leveldbjni/leveldbjni-all/1.8/leveldbjni-all-1.8.jar:/home/waqas/.m2/repository/io/netty/netty-tcnative-boringssl-static/2.0.70.Final/netty-tcnative-boringssl-static-2.0.70.Final-linux-x86_64.jar:/home/waqas/.m2/repository/io/netty/netty-tcnative-classes/2.0.70.Final/netty-tcnative-classes-2.0.70.Final.jar:/home/waqas/.m2/repository/io/netty/netty-tcnative-boringssl-static/2.0.70.Final/netty-tcnative-boringssl-static-2.0.70.Final-windows-x86_64.jar:/home/waqas/.m2/repository/io/netty/netty-tcnative-boringssl-static/2.0.70.Final/netty-tcnative-boringssl-static-2.0.70.Final-linux-aarch_64.jar:/home/waqas/.m2/repository/io/netty/netty-tcnative-boringssl-static/2.0.70.Final/netty-tcnative-boringssl-static-2.0.70.Final-osx-aarch_64.jar:/home/waqas/.m2/repository/io/netty/netty-tcnative-boringssl-static/2.0.70.Final/netty-tcnative-boringssl-static-2.0.70.Final-osx-x86_64.jar:/home/waqas/.m2/repository/com/google/crypto/tink/tink/1.16.0/tink-1.16.0.jar:/home/waqas/.m2/repository/com/google/code/gson/gson/2.11.0/gson-2.11.0.jar:/home/waqas/.m2/repository/org/apache/ivy/ivy/2.5.3/ivy-2.5.3.jar:/home/waqas/.m2/repository/oro/oro/2.0.8/oro-2.0.8.jar:/home/waqas/.m2/repository/org/slf4j/jul-to-slf4j/2.0.16/jul-to-slf4j-2.0.16.jar:/home/waqas/.m2/repository/org/slf4j/jcl-over-slf4j/2.0.16/jcl-over-slf4j-2.0.16.jar:/home/waqas/.m2/repository/org/apache/logging/log4j/log4j-slf4j2-impl/2.24.3/log4j-slf4j2-impl-2.24.3.jar:/home/waqas/.m2/repository/org/apache/logging/log4j/log4j-api/2.24.3/log4j-api-2.24.3.jar:/home/waqas/.m2/repository/org/apache/logging/log4j/log4j-core/2.24.3/log4j-core-2.24.3.jar:/home/waqas/.m2/repository/org/apache/logging/log4j/log4j-1.2-api/2.24.3/log4j-1.2-api-2.24.3.jar:/home/waqas/.m2/repository/org/apache/logging/log4j/log4j-layout-template-json/2.24.3/log4j-layout-template-json-2.24.3.jar:/home/waqas/.m2/repository/org/apache/curator/curator-framework/5.7.1/curator-framework-5.7.1.jar:/home/waqas/.m2/repository/org/apache/curator/curator-client/5.7.1/curator-client-5.7.1.jar:/home/waqas/.m2/repository/com/google/guava/guava/32.0.0-jre/guava-32.0.0-jre.jar:/home/waqas/.m2/repository/com/google/guava/failureaccess/1.0.1/failureaccess-1.0.1.jar:/home/waqas/.m2/repository/com/google/guava/listenablefuture/9999.0-empty-to-avoid-conflict-with-guava/listenablefuture-9999.0-empty-to-avoid-conflict-with-guava.jar:/home/waqas/.m2/repository/org/checkerframework/checker-qual/3.33.0/checker-qual-3.33.0.jar:/home/waqas/.m2/repository/com/google/errorprone/error_prone_annotations/2.18.0/error_prone_annotations-2.18.0.jar:/home/waqas/.m2/repository/com/google/j2objc/j2objc-annotations/2.8/j2objc-annotations-2.8.jar:/home/waqas/.m2/repository/org/apache/zookeeper/zookeeper-jute/3.9.3/zookeeper-jute-3.9.3.jar:/home/waqas/.m2/repository/org/apache/yetus/audience-annotations/0.12.0/audience-annotations-0.12.0.jar:/home/waqas/.m2/repository/org/json4s/json4s-core_2.13/4.0.7/json4s-core_2.13-4.0.7.jar:/home/waqas/.m2/repository/org/json4s/json4s-ast_2.13/4.0.7/json4s-ast_2.13-4.0.7.jar:/home/waqas/.m2/repository/org/json4s/json4s-scalap_2.13/4.0.7/json4s-scalap_2.13-4.0.7.jar:/home/waqas/.m2/repository/org/json4s/json4s-jackson-core_2.13/4.0.7/json4s-jackson-core_2.13-4.0.7.jar:/home/waqas/.m2/repository/jakarta/ws/rs/jakarta.ws.rs-api/3.0.0/jakarta.ws.rs-api-3.0.0.jar:/home/waqas/.m2/repository/jakarta/inject/jakarta.inject-api/2.0.1/jakarta.inject-api-2.0.1.jar:/home/waqas/.m2/repository/jakarta/annotation/jakarta.annotation-api/2.1.1/jakarta.annotation-api-2.1.1.jar:/home/waqas/.m2/repository/org/glassfish/hk2/osgi-resource-locator/1.0.3/osgi-resource-locator-1.0.3.jar:/home/waqas/.m2/repository/jakarta/validation/jakarta.validation-api/3.0.2/jakarta.validation-api-3.0.2.jar:/home/waqas/.m2/repository/org/glassfish/hk2/hk2-locator/3.0.6/hk2-locator-3.0.6.jar:/home/waqas/.m2/repository/org/glassfish/hk2/external/aopalliance-repackaged/3.0.6/aopalliance-repackaged-3.0.6.jar:/home/waqas/.m2/repository/org/glassfish/hk2/hk2-api/3.0.6/hk2-api-3.0.6.jar:/home/waqas/.m2/repository/org/glassfish/hk2/hk2-utils/3.0.6/hk2-utils-3.0.6.jar:/home/waqas/.m2/repository/org/javassist/javassist/3.30.2-GA/javassist-3.30.2-GA.jar:/home/waqas/.m2/repository/io/netty/netty-buffer/4.1.118.Final/netty-buffer-4.1.118.Final.jar:/home/waqas/.m2/repository/io/netty/netty-codec/4.1.118.Final/netty-codec-4.1.118.Final.jar:/home/waqas/.m2/repository/io/netty/netty-codec-dns/4.1.118.Final/netty-codec-dns-4.1.118.Final.jar:/home/waqas/.m2/repository/io/netty/netty-codec-http/4.1.118.Final/netty-codec-http-4.1.118.Final.jar:/home/waqas/.m2/repository/io/netty/netty-codec-http2/4.1.118.Final/netty-codec-http2-4.1.118.Final.jar:/home/waqas/.m2/repository/io/netty/netty-codec-socks/4.1.118.Final/netty-codec-socks-4.1.118.Final.jar:/home/waqas/.m2/repository/io/netty/netty-common/4.1.118.Final/netty-common-4.1.118.Final.jar:/home/waqas/.m2/repository/io/netty/netty-handler/4.1.118.Final/netty-handler-4.1.118.Final.jar:/home/waqas/.m2/repository/io/netty/netty-transport-native-unix-common/4.1.118.Final/netty-transport-native-unix-common-4.1.118.Final.jar:/home/waqas/.m2/repository/io/netty/netty-handler-proxy/4.1.118.Final/netty-handler-proxy-4.1.118.Final.jar:/home/waqas/.m2/repository/io/netty/netty-resolver/4.1.118.Final/netty-resolver-4.1.118.Final.jar:/home/waqas/.m2/repository/io/netty/netty-resolver-dns/4.1.118.Final/netty-resolver-dns-4.1.118.Final.jar:/home/waqas/.m2/repository/io/netty/netty-transport/4.1.118.Final/netty-transport-4.1.118.Final.jar:/home/waqas/.m2/repository/io/netty/netty-transport-classes-epoll/4.1.118.Final/netty-transport-classes-epoll-4.1.118.Final.jar:/home/waqas/.m2/repository/io/netty/netty-transport-classes-kqueue/4.1.118.Final/netty-transport-classes-kqueue-4.1.118.Final.jar:/home/waqas/.m2/repository/io/netty/netty-transport-native-epoll/4.1.118.Final/netty-transport-native-epoll-4.1.118.Final-linux-riscv64.jar:/home/waqas/.m2/repository/com/thoughtworks/paranamer/paranamer/2.8/paranamer-2.8.jar:/home/waqas/.m2/repository/org/apache/spark/spark-catalyst_2.13/4.0.0/spark-catalyst_2.13-4.0.0.jar:/home/waqas/.m2/repository/org/apache/spark/spark-sql-api_2.13/4.0.0/spark-sql-api_2.13-4.0.0.jar:/home/waqas/.m2/repository/org/apache/spark/spark-variant_2.13/4.0.0/spark-variant_2.13-4.0.0.jar:/home/waqas/.m2/repository/org/codehaus/janino/janino/3.1.9/janino-3.1.9.jar:/home/waqas/.m2/repository/org/codehaus/janino/commons-compiler/3.1.9/commons-compiler-3.1.9.jar:/home/waqas/.m2/repository/org/apache/datasketches/datasketches-java/6.1.1/datasketches-java-6.1.1.jar:/home/waqas/.m2/repository/org/apache/datasketches/datasketches-memory/3.0.2/datasketches-memory-3.0.2.jar:/home/waqas/.m2/repository/org/scala-lang/modules/scala-parser-combinators_2.13/2.4.0/scala-parser-combinators_2.13-2.4.0.jar:/home/waqas/.m2/repository/org/antlr/antlr4-runtime/4.13.1/antlr4-runtime-4.13.1.jar:/home/waqas/.m2/repository/org/apache/arrow/arrow-vector/18.1.0/arrow-vector-18.1.0.jar:/home/waqas/.m2/repository/org/apache/arrow/arrow-format/18.1.0/arrow-format-18.1.0.jar:/home/waqas/.m2/repository/org/apache/arrow/arrow-memory-core/18.1.0/arrow-memory-core-18.1.0.jar:/home/waqas/.m2/repository/com/fasterxml/jackson/datatype/jackson-datatype-jsr310/2.18.2/jackson-datatype-jsr310-2.18.2.jar:/home/waqas/.m2/repository/com/google/flatbuffers/flatbuffers-java/24.3.25/flatbuffers-java-24.3.25.jar:/home/waqas/.m2/repository/org/apache/arrow/arrow-memory-netty/18.1.0/arrow-memory-netty-18.1.0.jar:/home/waqas/.m2/repository/org/apache/arrow/arrow-memory-netty-buffer-patch/18.1.0/arrow-memory-netty-buffer-patch-18.1.0.jar:/home/waqas/.m2/repository/org/apache/orc/orc-format/1.1.0/orc-format-1.1.0-shaded-protobuf.jar:/home/waqas/.m2/repository/org/apache/orc/orc-core/2.1.2/orc-core-2.1.2-shaded-protobuf.jar:/home/waqas/.m2/repository/org/apache/orc/orc-shims/2.1.2/orc-shims-2.1.2.jar:/home/waqas/.m2/repository/io/airlift/aircompressor/2.0.2/aircompressor-2.0.2.jar:/home/waqas/.m2/repository/org/jetbrains/annotations/17.0.0/annotations-17.0.0.jar:/home/waqas/.m2/repository/org/slf4j/slf4j-api/2.0.16/slf4j-api-2.0.16.jar:/home/waqas/.m2/repository/org/threeten/threeten-extra/1.8.0/threeten-extra-1.8.0.jar:/home/waqas/.m2/repository/org/apache/orc/orc-mapreduce/2.1.2/orc-mapreduce-2.1.2-shaded-protobuf.jar:/home/waqas/.m2/repository/org/apache/hive/hive-storage-api/2.8.1/hive-storage-api-2.8.1.jar:/home/waqas/.m2/repository/org/apache/parquet/parquet-column/1.15.2/parquet-column-1.15.2.jar:/home/waqas/.m2/repository/org/apache/parquet/parquet-common/1.15.2/parquet-common-1.15.2.jar:/home/waqas/.m2/repository/org/apache/parquet/parquet-encoding/1.15.2/parquet-encoding-1.15.2.jar:/home/waqas/.m2/repository/org/apache/parquet/parquet-format-structures/1.15.2/parquet-format-structures-1.15.2.jar:/home/waqas/.m2/repository/javax/annotation/javax.annotation-api/1.3.2/javax.annotation-api-1.3.2.jar:/home/waqas/.m2/repository/org/apache/parquet/parquet-hadoop/1.15.2/parquet-hadoop-1.15.2.jar:/home/waqas/.m2/repository/org/apache/parquet/parquet-jackson/1.15.2/parquet-jackson-1.15.2.jar:/home/waqas/.m2/repository/com/fasterxml/jackson/core/jackson-annotations/2.18.2/jackson-annotations-2.18.2.jar:/home/waqas/.m2/repository/com/fasterxml/jackson/core/jackson-core/2.18.2/jackson-core-2.18.2.jar:/home/waqas/.m2/repository/org/apache/ws/xmlschema/xmlschema-core/2.3.1/xmlschema-core-2.3.1.jar:/home/waqas/.m2/repository/org/apache/xbean/xbean-asm9-shaded/4.26/xbean-asm9-shaded-4.26.jar:/home/waqas/.m2/repository/com/google/protobuf/protobuf-java/4.29.3/protobuf-java-4.29.3.jar:/home/waqas/.m2/repository/com/ibm/icu/icu4j/76.1/icu4j-76.1.jar:/home/waqas/.m2/repository/org/apache/spark/spark-mllib_2.13/4.0.0/spark-mllib_2.13-4.0.0.jar:/home/waqas/.m2/repository/org/apache/spark/spark-graphx_2.13/4.0.0/spark-graphx_2.13-4.0.0.jar:/home/waqas/.m2/repository/net/sourceforge/f2j/arpack_combined_all/0.1/arpack_combined_all-0.1.jar:/home/waqas/.m2/repository/org/apache/spark/spark-mllib-local_2.13/4.0.0/spark-mllib-local_2.13-4.0.0.jar:/home/waqas/.m2/repository/org/scalanlp/breeze_2.13/2.1.0/breeze_2.13-2.1.0.jar:/home/waqas/.m2/repository/org/scalanlp/breeze-macros_2.13/2.1.0/breeze-macros_2.13-2.1.0.jar:/home/waqas/.m2/repository/net/sf/opencsv/opencsv/2.3/opencsv-2.3.jar:/home/waqas/.m2/repository/com/github/wendykierp/JTransforms/3.1/JTransforms-3.1.jar:/home/waqas/.m2/repository/pl/edu/icm/JLargeArrays/1.5/JLargeArrays-1.5.jar:/home/waqas/.m2/repository/org/scala-lang/modules/scala-collection-compat_2.13/2.7.0/scala-collection-compat_2.13-2.7.0.jar:/home/waqas/.m2/repository/org/typelevel/spire_2.13/0.18.0/spire_2.13-0.18.0.jar:/home/waqas/.m2/repository/org/typelevel/spire-macros_2.13/0.18.0/spire-macros_2.13-0.18.0.jar:/home/waqas/.m2/repository/org/typelevel/spire-platform_2.13/0.18.0/spire-platform_2.13-0.18.0.jar:/home/waqas/.m2/repository/org/typelevel/spire-util_2.13/0.18.0/spire-util_2.13-0.18.0.jar:/home/waqas/.m2/repository/org/typelevel/algebra_2.13/2.8.0/algebra_2.13-2.8.0.jar:/home/waqas/.m2/repository/org/typelevel/cats-kernel_2.13/2.8.0/cats-kernel_2.13-2.8.0.jar:/home/waqas/.m2/repository/org/glassfish/jaxb/jaxb-runtime/4.0.5/jaxb-runtime-4.0.5.jar:/home/waqas/.m2/repository/org/glassfish/jaxb/jaxb-core/4.0.5/jaxb-core-4.0.5.jar:/home/waqas/.m2/repository/com/sun/istack/istack-commons-runtime/4.1.2/istack-commons-runtime-4.1.2.jar:/home/waqas/.m2/repository/jakarta/xml/bind/jakarta.xml.bind-api/4.0.2/jakarta.xml.bind-api-4.0.2.jar:/home/waqas/.m2/repository/jakarta/activation/jakarta.activation-api/2.1.3/jakarta.activation-api-2.1.3.jar:/home/waqas/.m2/repository/dev/ludovic/netlib/blas/3.0.3/blas-3.0.3.jar:/home/waqas/.m2/repository/dev/ludovic/netlib/lapack/3.0.3/lapack-3.0.3.jar:/home/waqas/.m2/repository/dev/ludovic/netlib/arpack/3.0.3/arpack-3.0.3.jar:/home/waqas/.m2/repository/org/apache/spark/spark-streaming_2.13/4.0.0/spark-streaming_2.13-4.0.0.jar org.devgurupk.realtimepipelines.SimpleSpark
Using Spark's default log4j profile: org/apache/spark/log4j2-defaults.properties
25/08/08 15:47:51 WARN Utils: Your hostname, waqas-ThinkPad-E15-Gen-2, resolves to a loopback address: 127.0.1.1; using 10.43.202.124 instead (on interface wlp0s20f3)
25/08/08 15:47:51 WARN Utils: Set SPARK_LOCAL_IP if you need to bind to another address
25/08/08 15:48:01 INFO SparkContext: Running Spark version 4.0.0
25/08/08 15:48:01 INFO SparkContext: OS info Linux, 6.14.0-27-generic, amd64
25/08/08 15:48:01 INFO SparkContext: Java version 21
25/08/08 15:48:01 WARN NativeCodeLoader: Unable to load native-hadoop library for your platform... using builtin-java classes where applicable
25/08/08 15:48:01 INFO ResourceUtils: ==============================================================
25/08/08 15:48:01 INFO ResourceUtils: No custom resources configured for spark.driver.
25/08/08 15:48:01 INFO ResourceUtils: ==============================================================
25/08/08 15:48:01 INFO SparkContext: Submitted application: SimpleSparkApp
25/08/08 15:48:01 INFO ResourceProfile: Default ResourceProfile created, executor resources: Map(memory -> name: memory, amount: 1024, script: , vendor: , offHeap -> name: offHeap, amount: 0, script: , vendor: ), task resources: Map(cpus -> name: cpus, amount: 1.0)
25/08/08 15:48:01 INFO ResourceProfile: Limiting resource is cpu
25/08/08 15:48:01 INFO ResourceProfileManager: Added ResourceProfile id: 0
25/08/08 15:48:01 INFO SecurityManager: Changing view acls to: waqas
25/08/08 15:48:01 INFO SecurityManager: Changing modify acls to: waqas
25/08/08 15:48:01 INFO SecurityManager: Changing view acls groups to: waqas
25/08/08 15:48:01 INFO SecurityManager: Changing modify acls groups to: waqas
25/08/08 15:48:01 INFO SecurityManager: SecurityManager: authentication disabled; ui acls disabled; users with view permissions: waqas groups with view permissions: EMPTY; users with modify permissions: waqas; groups with modify permissions: EMPTY; RPC SSL disabled
25/08/08 15:48:01 INFO Utils: Successfully started service 'sparkDriver' on port 43523.
25/08/08 15:48:02 INFO SparkEnv: Registering MapOutputTracker
25/08/08 15:48:02 INFO SparkEnv: Registering BlockManagerMaster
25/08/08 15:48:02 INFO BlockManagerMasterEndpoint: Using org.apache.spark.storage.DefaultTopologyMapper for getting topology information
25/08/08 15:48:02 INFO BlockManagerMasterEndpoint: BlockManagerMasterEndpoint up
25/08/08 15:48:02 INFO SparkEnv: Registering BlockManagerMasterHeartbeat
25/08/08 15:48:02 INFO DiskBlockManager: Created local directory at /tmp/blockmgr-c3891d54-548c-498a-bac6-33913222e116
25/08/08 15:48:02 INFO SparkEnv: Registering OutputCommitCoordinator
25/08/08 15:48:02 INFO JettyUtils: Start Jetty 0.0.0.0:4040 for SparkUI
25/08/08 15:48:02 INFO Utils: Successfully started service 'SparkUI' on port 4040.
25/08/08 15:48:02 INFO SecurityManager: Changing view acls to: waqas
25/08/08 15:48:02 INFO SecurityManager: Changing modify acls to: waqas
25/08/08 15:48:02 INFO SecurityManager: Changing view acls groups to: waqas
25/08/08 15:48:02 INFO SecurityManager: Changing modify acls groups to: waqas
25/08/08 15:48:02 INFO SecurityManager: SecurityManager: authentication disabled; ui acls disabled; users with view permissions: waqas groups with view permissions: EMPTY; users with modify permissions: waqas; groups with modify permissions: EMPTY; RPC SSL disabled
25/08/08 15:48:02 INFO StandaloneAppClient$ClientEndpoint: Connecting to master spark://localhost:7077...
25/08/08 15:48:02 INFO TransportClientFactory: Successfully created connection to localhost/127.0.0.1:7077 after 15 ms (0 ms spent in bootstraps)
25/08/08 15:48:02 INFO StandaloneSchedulerBackend: Connected to Spark cluster with app ID app-20250808104802-0000
25/08/08 15:48:02 INFO Utils: Successfully started service 'org.apache.spark.network.netty.NettyBlockTransferService' on port 46823.
25/08/08 15:48:02 INFO NettyBlockTransferService: Server created on 10.43.202.124:46823
25/08/08 15:48:02 INFO BlockManager: Using org.apache.spark.storage.RandomBlockReplicationPolicy for block replication policy
25/08/08 15:48:02 INFO BlockManagerMaster: Registering BlockManager BlockManagerId(driver, 10.43.202.124, 46823, None)
25/08/08 15:48:02 INFO BlockManagerMasterEndpoint: Registering block manager 10.43.202.124:46823 with 4.5 GiB RAM, BlockManagerId(driver, 10.43.202.124, 46823, None)
25/08/08 15:48:02 INFO BlockManagerMaster: Registered BlockManager BlockManagerId(driver, 10.43.202.124, 46823, None)
25/08/08 15:48:02 INFO BlockManager: Initialized BlockManager: BlockManagerId(driver, 10.43.202.124, 46823, None)
25/08/08 15:48:02 INFO StandaloneAppClient$ClientEndpoint: Executor added: app-20250808104802-0000/0 on worker-20250808102220-172.25.0.3-36557 (172.25.0.3:36557) with 8 core(s)
25/08/08 15:48:02 INFO StandaloneSchedulerBackend: Granted executor ID app-20250808104802-0000/0 on hostPort 172.25.0.3:36557 with 8 core(s), 1024.0 MiB RAM
25/08/08 15:48:02 INFO StandaloneAppClient$ClientEndpoint: Executor updated: app-20250808104802-0000/0 is now RUNNING
25/08/08 15:48:02 INFO StandaloneSchedulerBackend: SchedulerBackend is ready for scheduling beginning after reached minRegisteredResourcesRatio: 0.0
Successfully connected to Spark master!
25/08/08 15:48:03 INFO SharedState: Setting hive.metastore.warehouse.dir ('null') to the value of spark.sql.warehouse.dir.
25/08/08 15:48:03 INFO SharedState: Warehouse path is 'file:/home/waqas/Projects/Analytics/realtimepipelines/spark-warehouse'.
25/08/08 15:48:04 INFO StandaloneSchedulerBackend$StandaloneDriverEndpoint: Registered executor NettyRpcEndpointRef(spark-client://Executor) (172.25.0.3:43660) with ID 0, ResourceProfileId 0
25/08/08 15:48:04 INFO BlockManagerMasterEndpoint: Registering block manager 172.25.0.3:45775 with 434.4 MiB RAM, BlockManagerId(0, 172.25.0.3, 45775, None)
25/08/08 15:48:05 INFO CodeGenerator: Code generated in 119.237991 ms
25/08/08 15:48:05 INFO DAGScheduler: Registering RDD 3 ($anonfun$withThreadLocalCaptured$2 at CompletableFuture.java:1768) as input to shuffle 0
25/08/08 15:48:05 INFO DAGScheduler: Got map stage job 0 ($anonfun$withThreadLocalCaptured$2 at CompletableFuture.java:1768) with 2 output partitions
25/08/08 15:48:05 INFO DAGScheduler: Final stage: ShuffleMapStage 0 ($anonfun$withThreadLocalCaptured$2 at CompletableFuture.java:1768)
25/08/08 15:48:05 INFO DAGScheduler: Parents of final stage: List()
25/08/08 15:48:05 INFO DAGScheduler: Missing parents: List()
25/08/08 15:48:05 INFO DAGScheduler: Submitting ShuffleMapStage 0 (MapPartitionsRDD[3] at $anonfun$withThreadLocalCaptured$2 at CompletableFuture.java:1768), which has no missing parents
25/08/08 15:48:05 INFO MemoryStore: MemoryStore started with capacity 4.5 GiB
25/08/08 15:48:05 INFO MemoryStore: Block broadcast_0 stored as values in memory (estimated size 15.6 KiB, free 4.5 GiB)
25/08/08 15:48:05 INFO MemoryStore: Block broadcast_0_piece0 stored as bytes in memory (estimated size 7.4 KiB, free 4.5 GiB)
25/08/08 15:48:05 INFO SparkContext: Created broadcast 0 from broadcast at DAGScheduler.scala:1676
25/08/08 15:48:05 INFO DAGScheduler: Submitting 2 missing tasks from ShuffleMapStage 0 (MapPartitionsRDD[3] at $anonfun$withThreadLocalCaptured$2 at CompletableFuture.java:1768) (first 15 tasks are for partitions Vector(0, 1))
25/08/08 15:48:05 INFO TaskSchedulerImpl: Adding task set 0.0 with 2 tasks resource profile 0
25/08/08 15:48:05 INFO TaskSetManager: Starting task 0.0 in stage 0.0 (TID 0) (172.25.0.3,executor 0, partition 0, PROCESS_LOCAL, 9976 bytes)
25/08/08 15:48:05 INFO TaskSetManager: Starting task 1.0 in stage 0.0 (TID 1) (172.25.0.3,executor 0, partition 1, PROCESS_LOCAL, 9976 bytes)
25/08/08 15:48:05 INFO TaskSetManager: Finished task 0.0 in stage 0.0 (TID 0) in 596 ms on 172.25.0.3 (executor 0) (1/2)
25/08/08 15:48:05 INFO TaskSetManager: Finished task 1.0 in stage 0.0 (TID 1) in 587 ms on 172.25.0.3 (executor 0) (2/2)
25/08/08 15:48:05 INFO TaskSchedulerImpl: Removed TaskSet 0.0 whose tasks have all completed, from pool
25/08/08 15:48:05 INFO DAGScheduler: ShuffleMapStage 0 ($anonfun$withThreadLocalCaptured$2 at CompletableFuture.java:1768) finished in 693 ms
25/08/08 15:48:05 INFO DAGScheduler: looking for newly runnable stages
25/08/08 15:48:05 INFO DAGScheduler: running: HashSet()
25/08/08 15:48:05 INFO DAGScheduler: waiting: HashSet()
25/08/08 15:48:05 INFO DAGScheduler: failed: HashSet()
25/08/08 15:48:05 INFO CodeGenerator: Code generated in 12.4688 ms
25/08/08 15:48:05 INFO SparkContext: Starting job: $anonfun$withThreadLocalCaptured$2 at CompletableFuture.java:1768
25/08/08 15:48:05 INFO DAGScheduler: Got job 1 ($anonfun$withThreadLocalCaptured$2 at CompletableFuture.java:1768) with 1 output partitions
25/08/08 15:48:05 INFO DAGScheduler: Final stage: ResultStage 2 ($anonfun$withThreadLocalCaptured$2 at CompletableFuture.java:1768)
25/08/08 15:48:05 INFO DAGScheduler: Parents of final stage: List(ShuffleMapStage 1)
25/08/08 15:48:05 INFO DAGScheduler: Missing parents: List()
25/08/08 15:48:05 INFO DAGScheduler: Submitting ResultStage 2 (MapPartitionsRDD[6] at $anonfun$withThreadLocalCaptured$2 at CompletableFuture.java:1768), which has no missing parents
25/08/08 15:48:05 INFO MemoryStore: Block broadcast_1 stored as values in memory (estimated size 13.6 KiB, free 4.5 GiB)
25/08/08 15:48:05 INFO MemoryStore: Block broadcast_1_piece0 stored as bytes in memory (estimated size 6.5 KiB, free 4.5 GiB)
25/08/08 15:48:05 INFO SparkContext: Created broadcast 1 from broadcast at DAGScheduler.scala:1676
25/08/08 15:48:05 INFO DAGScheduler: Submitting 1 missing tasks from ResultStage 2 (MapPartitionsRDD[6] at $anonfun$withThreadLocalCaptured$2 at CompletableFuture.java:1768) (first 15 tasks are for partitions Vector(0))
25/08/08 15:48:05 INFO TaskSchedulerImpl: Adding task set 2.0 with 1 tasks resource profile 0
25/08/08 15:48:05 INFO TaskSetManager: Starting task 0.0 in stage 2.0 (TID 2) (172.25.0.3,executor 0, partition 0, NODE_LOCAL, 9852 bytes)
25/08/08 15:48:05 INFO MapOutputTrackerMasterEndpoint: Asked to send map output locations for shuffle 0 to 172.25.0.3:43660
25/08/08 15:48:06 INFO TaskSetManager: Finished task 0.0 in stage 2.0 (TID 2) in 173 ms on 172.25.0.3 (executor 0) (1/1)
25/08/08 15:48:06 INFO TaskSchedulerImpl: Removed TaskSet 2.0 whose tasks have all completed, from pool
25/08/08 15:48:06 INFO DAGScheduler: ResultStage 2 ($anonfun$withThreadLocalCaptured$2 at CompletableFuture.java:1768) finished in 180 ms
25/08/08 15:48:06 INFO DAGScheduler: Job 1 is finished. Cancelling potential speculative or zombie tasks for this job
25/08/08 15:48:06 INFO TaskSchedulerImpl: Canceling stage 2
25/08/08 15:48:06 INFO TaskSchedulerImpl: Killing all running tasks in stage 2: Stage finished
25/08/08 15:48:06 INFO DAGScheduler: Job 1 finished: $anonfun$withThreadLocalCaptured$2 at CompletableFuture.java:1768, took 190.442781 ms
Total records in the DataFrame: 10
DataFrame content:
25/08/08 15:48:06 INFO CodeGenerator: Code generated in 17.623673 ms
25/08/08 15:48:06 INFO SparkContext: Starting job: show at SimpleSpark.java:34
25/08/08 15:48:06 INFO DAGScheduler: Got job 2 (show at SimpleSpark.java:34) with 2 output partitions
25/08/08 15:48:06 INFO DAGScheduler: Final stage: ResultStage 3 (show at SimpleSpark.java:34)
25/08/08 15:48:06 INFO DAGScheduler: Parents of final stage: List()
25/08/08 15:48:06 INFO DAGScheduler: Missing parents: List()
25/08/08 15:48:06 INFO DAGScheduler: Submitting ResultStage 3 (MapPartitionsRDD[10] at show at SimpleSpark.java:34), which has no missing parents
25/08/08 15:48:06 INFO MemoryStore: Block broadcast_2 stored as values in memory (estimated size 11.4 KiB, free 4.5 GiB)
25/08/08 15:48:06 INFO MemoryStore: Block broadcast_2_piece0 stored as bytes in memory (estimated size 5.3 KiB, free 4.5 GiB)
25/08/08 15:48:06 INFO SparkContext: Created broadcast 2 from broadcast at DAGScheduler.scala:1676
25/08/08 15:48:06 INFO DAGScheduler: Submitting 2 missing tasks from ResultStage 3 (MapPartitionsRDD[10] at show at SimpleSpark.java:34) (first 15 tasks are for partitions Vector(0, 1))
25/08/08 15:48:06 INFO TaskSchedulerImpl: Adding task set 3.0 with 2 tasks resource profile 0
25/08/08 15:48:06 INFO TaskSetManager: Starting task 0.0 in stage 3.0 (TID 3) (172.25.0.3,executor 0, partition 0, PROCESS_LOCAL, 9987 bytes)
25/08/08 15:48:06 INFO TaskSetManager: Starting task 1.0 in stage 3.0 (TID 4) (172.25.0.3,executor 0, partition 1, PROCESS_LOCAL, 9987 bytes)
25/08/08 15:48:06 INFO TaskSetManager: Finished task 1.0 in stage 3.0 (TID 4) in 47 ms on 172.25.0.3 (executor 0) (1/2)
25/08/08 15:48:06 INFO TaskSetManager: Finished task 0.0 in stage 3.0 (TID 3) in 47 ms on 172.25.0.3 (executor 0) (2/2)
25/08/08 15:48:06 INFO TaskSchedulerImpl: Removed TaskSet 3.0 whose tasks have all completed, from pool
25/08/08 15:48:06 INFO DAGScheduler: ResultStage 3 (show at SimpleSpark.java:34) finished in 53 ms
25/08/08 15:48:06 INFO DAGScheduler: Job 2 is finished. Cancelling potential speculative or zombie tasks for this job
25/08/08 15:48:06 INFO TaskSchedulerImpl: Canceling stage 3
25/08/08 15:48:06 INFO TaskSchedulerImpl: Killing all running tasks in stage 3: Stage finished
25/08/08 15:48:06 INFO DAGScheduler: Job 2 finished: show at SimpleSpark.java:34, took 55.662876 ms
25/08/08 15:48:06 INFO CodeGenerator: Code generated in 6.752865 ms
25/08/08 15:48:06 INFO SparkContext: SparkContext is stopping with exitCode 0 from stop at SimpleSpark.java:37.
25/08/08 15:48:06 INFO SparkUI: Stopped Spark web UI at http://10.43.202.124:4040
25/08/08 15:48:06 INFO StandaloneSchedulerBackend: Shutting down all executors
25/08/08 15:48:06 INFO StandaloneSchedulerBackend$StandaloneDriverEndpoint: Asking each executor to shut down
+------+
|number|
+------+
|     1|
|     2|
|     3|
|     4|
|     5|
|     6|
|     7|
|     8|
|     9|
|    10|
+------+

25/08/08 15:48:06 INFO MapOutputTrackerMasterEndpoint: MapOutputTrackerMasterEndpoint stopped!
25/08/08 15:48:06 INFO MemoryStore: MemoryStore cleared
25/08/08 15:48:06 INFO BlockManager: BlockManager stopped
25/08/08 15:48:06 INFO BlockManagerMaster: BlockManagerMaster stopped
25/08/08 15:48:06 INFO OutputCommitCoordinator$OutputCommitCoordinatorEndpoint: OutputCommitCoordinator stopped!
25/08/08 15:48:06 INFO SparkContext: Successfully stopped SparkContext
25/08/08 15:48:06 INFO ShutdownHookManager: Shutdown hook called
25/08/08 15:48:06 INFO ShutdownHookManager: Deleting directory /tmp/spark-50842220-5ee2-450e-8116-5cb8cfde3991
25/08/08 15:48:06 INFO ShutdownHookManager: Deleting directory /home/waqas/Projects/Analytics/realtimepipelines/artifacts/spark-9e7d7429-0759-4cd6-8189-18cbca9ecbda

Process finished with exit code 0
